/*C125*/SET SCHEMA PUBLIC
create table categoria (\u000d\u000a id integer generated by default as identity primary key,\u000d\u000a nome varchar(255)\u000d\u000a)
alter table produto add column categoria_id integer
INSERT INTO CATEGORIA VALUES(0,'Eletrodom\u00e9stico\u000d\u000a')
COMMIT
INSERT INTO CATEGORIA VALUES(1,'Eletr\u00f4nico\u000d\u000a')
COMMIT
INSERT INTO CATEGORIA VALUES(2,'M\u00f3vel\u000d\u000a')
COMMIT
DELETE FROM PRODUTO WHERE ID=1
DELETE FROM PRODUTO WHERE ID=2
INSERT INTO PRODUTO VALUES(1,'Geladeira','Geladeira Brastemp 2 portas Inox',0)
INSERT INTO PRODUTO VALUES(2,'Ferro de Passar','Ferro de Passar Arno com vaporizador',0)
COMMIT
DELETE FROM PRODUTO WHERE ID=3
INSERT INTO PRODUTO VALUES(3,'Notebook','IntelBook i5',1)
COMMIT
DELETE FROM PRODUTO WHERE ID=15
DELETE FROM PRODUTO WHERE ID=24
INSERT INTO PRODUTO VALUES(15,'TV LED','Sony KDL 42 polegadas',2)
INSERT INTO PRODUTO VALUES(24,'Blu-Ray','Full HDMI 250GB',2)
COMMIT
INSERT INTO PRODUTO VALUES(26,'Mesa Azul','Mesa com 4 cadeiras\u000d\u000a',NULL)
COMMIT
DELETE FROM PRODUTO WHERE ID=26
INSERT INTO PRODUTO VALUES(26,'Mesa Azul','Mesa com 4 cadeiras\u000d\u000a',2)
COMMIT
DELETE FROM PRODUTO WHERE ID=15
DELETE FROM PRODUTO WHERE ID=24
INSERT INTO PRODUTO VALUES(15,'TV LED','Sony KDL 42 polegadas',1)
INSERT INTO PRODUTO VALUES(24,'Blu-Ray','Full HDMI 250GB',1)
COMMIT
INSERT INTO PRODUTO VALUES(27,'Mesa Vermelha','Mesa com 6 cadeiras\u000d\u000a',2)
COMMIT
alter table produto add foreign key (categoria_id) references categoria (id)\u000d\u000a
